#! /opt/homebrew/Cellar/icarus-verilog/12.0/bin/vvp
:ivl_version "12.0 (stable)";
:ivl_delay_selection "TYPICAL";
:vpi_time_precision + 0;
:vpi_module "/opt/homebrew/Cellar/icarus-verilog/12.0/lib/ivl/system.vpi";
:vpi_module "/opt/homebrew/Cellar/icarus-verilog/12.0/lib/ivl/vhdl_sys.vpi";
:vpi_module "/opt/homebrew/Cellar/icarus-verilog/12.0/lib/ivl/vhdl_textio.vpi";
:vpi_module "/opt/homebrew/Cellar/icarus-verilog/12.0/lib/ivl/v2005_math.vpi";
:vpi_module "/opt/homebrew/Cellar/icarus-verilog/12.0/lib/ivl/va_math.vpi";
S_0x137604080 .scope module, "blinking_led" "blinking_led" 2 1;
 .timescale 0 0;
    .port_info 0 /OUTPUT 1 "led";
v0x600001d1c000_0 .var "clk", 0 0;
v0x600001d1c090_0 .var "counter", 25 0;
v0x600001d1c120_0 .var "led", 0 0;
E_0x600003a180c0 .event posedge, v0x600001d1c000_0;
    .scope S_0x137604080;
T_0 ;
    %delay 1, 0;
    %load/vec4 v0x600001d1c000_0;
    %inv;
    %store/vec4 v0x600001d1c000_0, 0, 1;
    %jmp T_0;
    .thread T_0;
    .scope S_0x137604080;
T_1 ;
    %wait E_0x600003a180c0;
    %load/vec4 v0x600001d1c090_0;
    %cmpi/e 0, 0, 26;
    %jmp/0xz  T_1.0, 4;
    %load/vec4 v0x600001d1c120_0;
    %inv;
    %assign/vec4 v0x600001d1c120_0, 0;
    %vpi_call 2 15 "$display", v0x600001d1c120_0 {0 0 0};
    %pushi/vec4 16, 0, 26;
    %assign/vec4 v0x600001d1c090_0, 0;
    %jmp T_1.1;
T_1.0 ;
    %load/vec4 v0x600001d1c090_0;
    %subi 1, 0, 26;
    %assign/vec4 v0x600001d1c090_0, 0;
T_1.1 ;
    %jmp T_1;
    .thread T_1;
# The file index is used to find the file name in the following table.
:file_names 3;
    "N/A";
    "<interactive>";
    "blinking_led.v";
